<?xml version="1.0" encoding="UTF-8"?>
<!-- Generated by org.testng.reporters.JUnitReportReporter -->
<testsuite hostname="DESKTOP-KV6KFM7" failures="0" tests="1" name="com.amazon.product.testclass.TestSuite" time="86.409" errors="0" timestamp="2024-07-09T15:51:04 IST" skipped="0">
  <testcase classname="com.amazon.product.testclass.TestSuite" name="amazon_srch_add_to_cart" time="86.409"/>
  <system-out/>
</testsuite> <!-- com.amazon.product.testclass.TestSuite -->
